0 info it worked if it ends with ok
1 verbose cli [ '/usr/local/bin/node', '/usr/local/bin/npm', 'run', 'devserve' ]
2 info using npm@3.8.6
3 info using node@v6.0.0
4 verbose run-script [ 'predevserve', 'devserve', 'postdevserve' ]
5 info lifecycle Blabber@0.0.1~predevserve: Blabber@0.0.1
6 silly lifecycle Blabber@0.0.1~predevserve: no script for predevserve, continuing
7 info lifecycle Blabber@0.0.1~devserve: Blabber@0.0.1
8 verbose lifecycle Blabber@0.0.1~devserve: unsafe-perm in lifecycle true
9 verbose lifecycle Blabber@0.0.1~devserve: PATH: /usr/local/lib/node_modules/npm/bin/node-gyp-bin:/Users/TylerDurden/lighthouse/blabber/node_modules/.bin:/usr/local/bin:/usr/bin:/bin:/usr/sbin:/sbin:/usr/local/bin:/Applications/Xcode.app/Contents/Developer/usr/bin:/usr/local/git/bin
10 verbose lifecycle Blabber@0.0.1~devserve: CWD: /Users/TylerDurden/lighthouse/blabber
11 silly lifecycle Blabber@0.0.1~devserve: Args: [ '-c',
11 silly lifecycle   'webpack-dev-server -d --config webpack.config.js --content-base public/ --progress --colors' ]
12 info lifecycle Blabber@0.0.1~devserve: Failed to exec devserve script
13 verbose stack Error: Blabber@0.0.1 devserve: `webpack-dev-server -d --config webpack.config.js --content-base public/ --progress --colors`
13 verbose stack spawn ENOENT
13 verbose stack     at ChildProcess.<anonymous> (/usr/local/lib/node_modules/npm/lib/utils/spawn.js:17:16)
13 verbose stack     at emitTwo (events.js:106:13)
13 verbose stack     at ChildProcess.emit (events.js:191:7)
13 verbose stack     at maybeClose (internal/child_process.js:850:16)
13 verbose stack     at Process.ChildProcess._handle.onexit (internal/child_process.js:215:5)
14 verbose pkgid Blabber@0.0.1
15 verbose cwd /Users/TylerDurden/lighthouse/blabber
16 error Darwin 12.6.0
17 error argv "/usr/local/bin/node" "/usr/local/bin/npm" "run" "devserve"
18 error node v6.0.0
19 error npm  v3.8.6
20 error file sh
21 error code ELIFECYCLE
22 error errno ENOENT
23 error syscall spawn
24 error Blabber@0.0.1 devserve: `webpack-dev-server -d --config webpack.config.js --content-base public/ --progress --colors`
24 error spawn ENOENT
25 error Failed at the Blabber@0.0.1 devserve script 'webpack-dev-server -d --config webpack.config.js --content-base public/ --progress --colors'.
25 error Make sure you have the latest version of node.js and npm installed.
25 error If you do, this is most likely a problem with the Blabber package,
25 error not with npm itself.
25 error Tell the author that this fails on your system:
25 error     webpack-dev-server -d --config webpack.config.js --content-base public/ --progress --colors
25 error You can get information on how to open an issue for this project with:
25 error     npm bugs Blabber
25 error Or if that isn't available, you can get their info via:
25 error     npm owner ls Blabber
25 error There is likely additional logging output above.
26 verbose exit [ 1, true ]
